<?xml version="1.0" encoding="UTF-8"?>
<!-- Generated by org.testng.reporters.JUnitReportReporter -->
<testsuite skipped="0" hostname="LAPTOP-ELLM2Q4T" name="org.testing.TestNgOrder" tests="7" failures="0" timestamp="08 Sep 2022 17:03:02 GMT" time="73.788" errors="0">
  <testcase name="tc3" time="6.989" classname="org.testing.TestNgOrder"/>
  <testcase name="tc3" time="20.950" classname="org.testing.TestNgOrder"/>
  <testcase name="tc3" time="8.151" classname="org.testing.TestNgOrder"/>
  <testcase name="tc3" time="12.183" classname="org.testing.TestNgOrder"/>
  <testcase name="tc3" time="7.199" classname="org.testing.TestNgOrder"/>
  <testcase name="tc1" time="7.135" classname="org.testing.TestNgOrder"/>
  <testcase name="tc2" time="11.181" classname="org.testing.TestNgOrder"/>
</testsuite> <!-- org.testing.TestNgOrder -->
