<?xml version="1.0" encoding="UTF-8"?>
<!-- Generated by org.testng.reporters.JUnitReportReporter -->
<testsuite skipped="0" hostname="LAPTOP-ELLM2Q4T" name="org.testing.Dataprovide" tests="8" failures="0" timestamp="08 Sep 2022 16:55:32 GMT" time="81.171" errors="0">
  <testcase name="tc3" time="7.476" classname="org.testing.Dataprovide"/>
  <testcase name="tc3" time="8.002" classname="org.testing.Dataprovide"/>
  <testcase name="tc3" time="9.491" classname="org.testing.Dataprovide"/>
  <testcase name="tc1" time="7.646" classname="org.testing.Dataprovide"/>
  <testcase name="tc2" time="20.999" classname="org.testing.Dataprovide"/>
  <testcase name="tc2" time="10.083" classname="org.testing.Dataprovide"/>
  <testcase name="tc2" time="9.963" classname="org.testing.Dataprovide"/>
  <testcase name="tc2" time="7.511" classname="org.testing.Dataprovide"/>
</testsuite> <!-- org.testing.Dataprovide -->
